<?xml version="1.0" encoding="UTF-8"?>
<robot generator="Robot 3.2.2 (Python 3.9.1 on win32)" generated="20210504 14:19:31.410" rpa="false">
<suite id="s1" name="conduitRobot" source="D:\Koulu\oppari\repot\testiautomaatio\tests\conduitRobot">
<suite id="s1-s1" name="Test" source="D:\Koulu\oppari\repot\testiautomaatio\tests\conduitRobot\test.robot">
<test id="s1-s1-t1" name="Create post">
<kw name="Login">
<kw name="Open Browser" library="SeleniumLibrary">
<doc>Opens a new browser instance to the optional ``url``.</doc>
<arguments>
<arg>${ADRESS}</arg>
<arg>${BROWSER}</arg>
</arguments>
<msg timestamp="20210504 14:19:31.605" level="INFO">Opening browser 'firefox' to base url 'https://demo.realworld.io'.</msg>
<msg timestamp="20210504 14:19:31.606" level="INFO">Firefox driver log is always forced to to: D:\Koulu\oppari\repot\testiautomaatio\tests\conduitRobot\geckodriver-35.log</msg>
<status status="PASS" starttime="20210504 14:19:31.604" endtime="20210504 14:19:37.576"></status>
</kw>
<kw name="Click Link" library="SeleniumLibrary">
<doc>Clicks a link identified by ``locator``.</doc>
<arguments>
<arg>link: Sign in</arg>
</arguments>
<msg timestamp="20210504 14:19:37.577" level="INFO">Clicking link 'link: Sign in'.</msg>
<status status="PASS" starttime="20210504 14:19:37.577" endtime="20210504 14:19:37.726"></status>
</kw>
<kw name="Location Should Be" library="SeleniumLibrary">
<doc>Verifies that the current URL is exactly ``url``.</doc>
<arguments>
<arg>https://demo.realworld.io/#/login</arg>
</arguments>
<msg timestamp="20210504 14:19:37.728" level="INFO">Current location is 'https://demo.realworld.io/#/login'.</msg>
<status status="PASS" starttime="20210504 14:19:37.726" endtime="20210504 14:19:37.728"></status>
</kw>
<kw name="Input Text" library="SeleniumLibrary">
<doc>Types the given ``text`` into the text field identified by ``locator``.</doc>
<arguments>
<arg>xpath://input[@type="email"]</arg>
<arg>${USERNAME}</arg>
</arguments>
<msg timestamp="20210504 14:19:37.728" level="INFO">Typing text 'robotest@test.com' into text field 'xpath://input[@type="email"]'.</msg>
<status status="PASS" starttime="20210504 14:19:37.728" endtime="20210504 14:19:37.756"></status>
</kw>
<kw name="Input Password" library="SeleniumLibrary">
<doc>Types the given password into the text field identified by ``locator``.</doc>
<arguments>
<arg>xpath://input[@type="password"]</arg>
<arg>${PASSWORD}</arg>
</arguments>
<msg timestamp="20210504 14:19:37.757" level="INFO">Typing password into text field 'xpath://input[@type="password"]'.</msg>
<msg timestamp="20210504 14:19:37.765" level="INFO">Temporally setting log level to: NONE</msg>
<msg timestamp="20210504 14:19:37.774" level="INFO">Log level changed from NONE to INFO.</msg>
<status status="PASS" starttime="20210504 14:19:37.756" endtime="20210504 14:19:37.775"></status>
</kw>
<kw name="Click Button" library="SeleniumLibrary">
<doc>Clicks the button identified by ``locator``.</doc>
<arguments>
<arg>xpath://button[@type="submit"]</arg>
</arguments>
<msg timestamp="20210504 14:19:37.775" level="INFO">Clicking button 'xpath://button[@type="submit"]'.</msg>
<status status="PASS" starttime="20210504 14:19:37.775" endtime="20210504 14:19:38.003"></status>
</kw>
<kw name="Sleep" library="BuiltIn">
<doc>Pauses the test executed for the given time.</doc>
<arguments>
<arg>2</arg>
</arguments>
<msg timestamp="20210504 14:19:40.007" level="INFO">Slept 2 seconds</msg>
<status status="PASS" starttime="20210504 14:19:38.003" endtime="20210504 14:19:40.007"></status>
</kw>
<status status="PASS" starttime="20210504 14:19:31.604" endtime="20210504 14:19:40.007"></status>
</kw>
<kw name="Write Article">
<kw name="Click Link" library="SeleniumLibrary">
<doc>Clicks a link identified by ``locator``.</doc>
<arguments>
<arg>partial link: Article</arg>
</arguments>
<msg timestamp="20210504 14:19:40.008" level="INFO">Clicking link 'partial link: Article'.</msg>
<status status="PASS" starttime="20210504 14:19:40.008" endtime="20210504 14:19:40.046"></status>
</kw>
<kw name="Input Text" library="SeleniumLibrary">
<doc>Types the given ``text`` into the text field identified by ``locator``.</doc>
<arguments>
<arg>xpath://input[@placeholder="Article Title"]</arg>
<arg>${TITLE}</arg>
</arguments>
<msg timestamp="20210504 14:19:40.046" level="INFO">Typing text 'Article created by Robot Framework' into text field 'xpath://input[@placeholder="Article Title"]'.</msg>
<status status="PASS" starttime="20210504 14:19:40.046" endtime="20210504 14:19:40.068"></status>
</kw>
<kw name="Input Text" library="SeleniumLibrary">
<doc>Types the given ``text`` into the text field identified by ``locator``.</doc>
<arguments>
<arg>xpath://input[@placeholder="What's this article about?"]</arg>
<arg>${SUBJECT}</arg>
</arguments>
<msg timestamp="20210504 14:19:40.069" level="INFO">Typing text 'Test Automation' into text field 'xpath://input[@placeholder="What's this article about?"]'.</msg>
<status status="PASS" starttime="20210504 14:19:40.069" endtime="20210504 14:19:40.087"></status>
</kw>
<kw name="Input Text" library="SeleniumLibrary">
<doc>Types the given ``text`` into the text field identified by ``locator``.</doc>
<arguments>
<arg>xpath://textarea[@placeholder="Write your article (in markdown)"]</arg>
<arg>${ARTICLE}</arg>
</arguments>
<msg timestamp="20210504 14:19:40.087" level="INFO">Typing text 'This article is posted by Robot Framework' into text field 'xpath://textarea[@placeholder="Write your article (in markdown)"]'.</msg>
<status status="PASS" starttime="20210504 14:19:40.087" endtime="20210504 14:19:40.110"></status>
</kw>
<kw name="Input Text" library="SeleniumLibrary">
<doc>Types the given ``text`` into the text field identified by ``locator``.</doc>
<arguments>
<arg>xpath://input[@placeholder="Enter tags"]</arg>
<arg>${TAG}</arg>
</arguments>
<msg timestamp="20210504 14:19:40.111" level="INFO">Typing text '"#ROBOTFRAMEWORK"' into text field 'xpath://input[@placeholder="Enter tags"]'.</msg>
<status status="PASS" starttime="20210504 14:19:40.110" endtime="20210504 14:19:40.154"></status>
</kw>
<kw name="Click Button" library="SeleniumLibrary">
<doc>Clicks the button identified by ``locator``.</doc>
<arguments>
<arg>xpath://button[@type="button"]</arg>
</arguments>
<msg timestamp="20210504 14:19:40.154" level="INFO">Clicking button 'xpath://button[@type="button"]'.</msg>
<status status="PASS" starttime="20210504 14:19:40.154" endtime="20210504 14:19:40.372"></status>
</kw>
<kw name="Sleep" library="BuiltIn">
<doc>Pauses the test executed for the given time.</doc>
<arguments>
<arg>3</arg>
</arguments>
<msg timestamp="20210504 14:19:43.376" level="INFO">Slept 3 seconds</msg>
<status status="PASS" starttime="20210504 14:19:40.372" endtime="20210504 14:19:43.376"></status>
</kw>
<kw name="Title Should Be" library="SeleniumLibrary">
<doc>Verifies that the current page title equals ``title``.</doc>
<arguments>
<arg>Article created by Robot Framework — Conduit</arg>
</arguments>
<msg timestamp="20210504 14:19:43.379" level="INFO">Page title is 'Article created by Robot Framework — Conduit'.</msg>
<status status="PASS" starttime="20210504 14:19:43.377" endtime="20210504 14:19:43.379"></status>
</kw>
<status status="PASS" starttime="20210504 14:19:40.007" endtime="20210504 14:19:43.379"></status>
</kw>
<status status="PASS" starttime="20210504 14:19:31.603" endtime="20210504 14:19:43.379" critical="yes"></status>
</test>
<status status="PASS" starttime="20210504 14:19:31.455" endtime="20210504 14:19:43.380"></status>
</suite>
<status status="PASS" starttime="20210504 14:19:31.437" endtime="20210504 14:19:43.381"></status>
</suite>
<statistics>
<total>
<stat pass="1" fail="0">Critical Tests</stat>
<stat pass="1" fail="0">All Tests</stat>
</total>
<tag>
</tag>
<suite>
<stat pass="1" fail="0" id="s1" name="conduitRobot">conduitRobot</stat>
<stat pass="1" fail="0" id="s1-s1" name="Test">conduitRobot.Test</stat>
</suite>
</statistics>
<errors>
</errors>
</robot>
